<?xml version="1.0" encoding="UTF-8"?>
<!-- Generated by org.testng.reporters.JUnitXMLReporter -->
<testsuite hostname="WIN-J8PFQLM2DF5" name="Default test" tests="7" failures="0" timestamp="24 Jan 2016 13:32:03 GMT" time="20.66" errors="0">
  <testcase name="ageTest" time="0.567" classname="es.crd.tests.touring_test.SeleniumTestNg"/>
  <testcase name="bmTest" time="1.344" classname="es.crd.tests.touring_test.SeleniumTestNg"/>
  <testcase name="postalTest" time="0.928" classname="es.crd.tests.touring_test.SeleniumTestNg"/>
  <testcase name="brandTest" time="1.042" classname="es.crd.tests.touring_test.SeleniumTestNg"/>
  <testcase name="priceTest" time="0.768" classname="es.crd.tests.touring_test.SeleniumTestNg"/>
  <testcase name="kmTest" time="0.768" classname="es.crd.tests.touring_test.SeleniumTestNg"/>
  <testcase name="emailTest" time="2.476" classname="es.crd.tests.touring_test.SeleniumTestNg"/>
</testsuite> <!-- Default test -->
